[2020-12-29 21:57:55,510] {taskinstance.py:826} INFO - Dependencies all met for <TaskInstance: append_registros_csv.del_duplicados 2020-12-30T00:57:43.005736+00:00 [queued]>
[2020-12-29 21:57:55,518] {taskinstance.py:826} INFO - Dependencies all met for <TaskInstance: append_registros_csv.del_duplicados 2020-12-30T00:57:43.005736+00:00 [queued]>
[2020-12-29 21:57:55,519] {taskinstance.py:1017} INFO - 
--------------------------------------------------------------------------------
[2020-12-29 21:57:55,519] {taskinstance.py:1018} INFO - Starting attempt 1 of 2
[2020-12-29 21:57:55,519] {taskinstance.py:1019} INFO - 
--------------------------------------------------------------------------------
[2020-12-29 21:57:55,532] {taskinstance.py:1038} INFO - Executing <Task(PythonOperator): del_duplicados> on 2020-12-30T00:57:43.005736+00:00
[2020-12-29 21:57:55,553] {standard_task_runner.py:51} INFO - Started process 8544 to run task
[2020-12-29 21:57:55,563] {standard_task_runner.py:75} INFO - Running: ['airflow', 'tasks', 'run', 'append_registros_csv', 'del_duplicados', '2020-12-30T00:57:43.005736+00:00', '--job-id', '890', '--pool', 'default_pool', '--raw', '--subdir', 'DAGS_FOLDER/ejercicio_dag.py', '--cfg-path', '/tmp/tmpni298hlc']
[2020-12-29 21:57:55,565] {standard_task_runner.py:76} INFO - Job 890: Subtask del_duplicados
[2020-12-29 21:57:55,614] {logging_mixin.py:103} INFO - Running <TaskInstance: append_registros_csv.del_duplicados 2020-12-30T00:57:43.005736+00:00 [running]> on host ina-pc.localdomain
[2020-12-29 21:57:55,648] {taskinstance.py:1230} INFO - Exporting the following env vars:
AIRFLOW_CTX_DAG_OWNER=Ignacio
AIRFLOW_CTX_DAG_ID=append_registros_csv
AIRFLOW_CTX_TASK_ID=del_duplicados
AIRFLOW_CTX_EXECUTION_DATE=2020-12-30T00:57:43.005736+00:00
AIRFLOW_CTX_DAG_RUN_ID=manual__2020-12-30T00:57:43.005736+00:00
[2020-12-29 21:57:55,708] {base.py:65} INFO - Using connection to: id: con_ej_pi_mssql. Host: INA-PC, Port: 1433, Schema: Testing_ETL, Login: sa, Password: XXXXXXXX, extra: XXXXXXXX
[2020-12-29 21:57:55,737] {dbapi.py:180} INFO - Running statement: EXEC [dbo].[Remover_Duplicados] @NOMBRE_TABLA = "Unificado", parameters: None
[2020-12-29 21:57:55,788] {dbapi.py:186} INFO - Rows affected: -1
[2020-12-29 21:57:55,789] {python.py:118} INFO - Done. Returned value was: None
[2020-12-29 21:57:55,794] {taskinstance.py:1135} INFO - Marking task as SUCCESS. dag_id=append_registros_csv, task_id=del_duplicados, execution_date=20201230T005743, start_date=20201230T005755, end_date=20201230T005755
[2020-12-29 21:57:55,819] {taskinstance.py:1195} INFO - 0 downstream tasks scheduled from follow-on schedule check
[2020-12-29 21:57:55,856] {local_task_job.py:118} INFO - Task exited with return code 0
